# JRE version: OpenJDK Runtime Environment Temurin-21.0.10+7 (21.0.10+7) (build 21.0.10+7-LTS)
# Java VM: OpenJDK 64-Bit Server VM Temurin-21.0.10+7 (21.0.10+7-LTS, mixed mode, sharing, tiered, compressed oops, compressed class ptrs, parallel gc, windows-amd64)
GC Precious Log:
 CardTable entry size: 512
 CPUs: 8 total, 8 available
 Memory: 12121M
 Large Page Support: Disabled
 NUMA Support: Disabled
 Compressed Oops: Enabled (32-bit)
 Alignments: Space 512K, Generation 512K, Heap 2M
 Heap Min Capacity: 100M
 Heap Initial Capacity: 100M
 Heap Max Capacity: 2G
 Pre-touch: Disabled
 Parallel Workers: 8
Heap:
 PSYoungGen      total 3584K, used 1435K [0x00000000d5580000, 0x00000000d5a80000, 0x0000000100000000)
  eden space 3072K, 30% used [0x00000000d5580000,0x00000000d5666dd8,0x00000000d5880000)
  from space 512K, 100% used [0x00000000d5880000,0x00000000d5900000,0x00000000d5900000)
  to   space 1024K, 0% used [0x00000000d5980000,0x00000000d5980000,0x00000000d5a80000)
 ParOldGen       total 1355776K, used 1355676K [0x0000000080000000, 0x00000000d2c00000, 0x00000000d5580000)
  object space 1355776K, 99% used [0x0000000080000000,0x00000000d2be7178,0x00000000d2c00000)
 Metaspace       used 67893K, committed 69504K, reserved 1114112K
  class space    used 6301K, committed 7040K, reserved 1048576K
GC Heap History (20 events):
Event: 36675.852 GC heap before
{Heap before GC invocations=9173 (full 15):
 PSYoungGen      total 3072K, used 2836K [0x00000000d5580000, 0x00000000d5a00000, 0x0000000100000000)
  eden space 2560K, 100% used [0x00000000d5580000,0x00000000d5800000,0x00000000d5800000)
  from space 512K, 54% used [0x00000000d5900000,0x00000000d5945200,0x00000000d5980000)
  to   space 512K, 0% used [0x00000000d5980000,0x00000000d5980000,0x00000000d5a00000)
 ParOldGen       total 1350144K, used 1350105K [0x0000000080000000, 0x00000000d2680000, 0x00000000d5580000)
  object space 1350144K, 99% used [0x0000000080000000,0x00000000d2676688,0x00000000d2680000)
 Metaspace       used 67891K, committed 69504K, reserved 1114112K
  class space    used 6301K, committed 7040K, reserved 1048576K
}
Event: 36675.854 GC heap after
{Heap after GC invocations=9173 (full 15):
 PSYoungGen      total 3072K, used 512K [0x00000000d5580000, 0x00000000d5a00000, 0x0000000100000000)
  eden space 2560K, 0% used [0x00000000d5580000,0x00000000d5580000,0x00000000d5800000)
  from space 512K, 100% used [0x00000000d5980000,0x00000000d5a00000,0x00000000d5a00000)
  to   space 1024K, 0% used [0x00000000d5800000,0x00000000d5800000,0x00000000d5900000)
 ParOldGen       total 1350656K, used 1350358K [0x0000000080000000, 0x00000000d2700000, 0x00000000d5580000)
  object space 1350656K, 99% used [0x0000000080000000,0x00000000d26b5898,0x00000000d2700000)
 Metaspace       used 67891K, committed 69504K, reserved 1114112K
  class space    used 6301K, committed 7040K, reserved 1048576K
}
Event: 36675.914 GC heap before
{Heap before GC invocations=9174 (full 15):
 PSYoungGen      total 3072K, used 3072K [0x00000000d5580000, 0x00000000d5a00000, 0x0000000100000000)
  eden space 2560K, 100% used [0x00000000d5580000,0x00000000d5800000,0x00000000d5800000)
  from space 512K, 100% used [0x00000000d5980000,0x00000000d5a00000,0x00000000d5a00000)
  to   space 1024K, 0% used [0x00000000d5800000,0x00000000d5800000,0x00000000d5900000)
 ParOldGen       total 1350656K, used 1350358K [0x0000000080000000, 0x00000000d2700000, 0x00000000d5580000)
  object space 1350656K, 99% used [0x0000000080000000,0x00000000d26b5898,0x00000000d2700000)
 Metaspace       used 67893K, committed 69504K, reserved 1114112K
  class space    used 6301K, committed 7040K, reserved 1048576K
}
Event: 36675.917 GC heap after
{Heap after GC invocations=9174 (full 15):
 PSYoungGen      total 3584K, used 512K [0x00000000d5580000, 0x00000000d5a00000, 0x0000000100000000)
  eden space 2560K, 0% used [0x00000000d5580000,0x00000000d5580000,0x00000000d5800000)
  from space 1024K, 50% used [0x00000000d5800000,0x00000000d5880000,0x00000000d5900000)
  to   space 1024K, 0% used [0x00000000d5900000,0x00000000d5900000,0x00000000d5a00000)
 ParOldGen       total 1351168K, used 1350899K [0x0000000080000000, 0x00000000d2780000, 0x00000000d5580000)
  object space 1351168K, 99% used [0x0000000080000000,0x00000000d273cde8,0x00000000d2780000)
 Metaspace       used 67893K, committed 69504K, reserved 1114112K
  class space    used 6301K, committed 7040K, reserved 1048576K
}
Event: 36675.924 GC heap before
{Heap before GC invocations=9175 (full 15):
 PSYoungGen      total 3584K, used 3072K [0x00000000d5580000, 0x00000000d5a00000, 0x0000000100000000)
  eden space 2560K, 100% used [0x00000000d5580000,0x00000000d5800000,0x00000000d5800000)
  from space 1024K, 50% used [0x00000000d5800000,0x00000000d5880000,0x00000000d5900000)
  to   space 1024K, 0% used [0x00000000d5900000,0x00000000d5900000,0x00000000d5a00000)
 ParOldGen       total 1351168K, used 1350899K [0x0000000080000000, 0x00000000d2780000, 0x00000000d5580000)
  object space 1351168K, 99% used [0x0000000080000000,0x00000000d273cde8,0x00000000d2780000)
 Metaspace       used 67893K, committed 69504K, reserved 1114112K
  class space    used 6301K, committed 7040K, reserved 1048576K
}
Event: 36675.928 GC heap after
{Heap after GC invocations=9175 (full 15):
 PSYoungGen      total 1536K, used 1004K [0x00000000d5580000, 0x00000000d5e00000, 0x0000000100000000)
  eden space 512K, 0% used [0x00000000d5580000,0x00000000d5580000,0x00000000d5600000)
  from space 1024K, 98% used [0x00000000d5900000,0x00000000d59fb090,0x00000000d5a00000)
  to   space 3072K, 0% used [0x00000000d5600000,0x00000000d5600000,0x00000000d5900000)
 ParOldGen       total 1352704K, used 1352245K [0x0000000080000000, 0x00000000d2900000, 0x00000000d5580000)
  object space 1352704K, 99% used [0x0000000080000000,0x00000000d288d6e8,0x00000000d2900000)
 Metaspace       used 67893K, committed 69504K, reserved 1114112K
  class space    used 6301K, committed 7040K, reserved 1048576K
}
Event: 36675.929 GC heap before
{Heap before GC invocations=9176 (full 15):
 PSYoungGen      total 1536K, used 1516K [0x00000000d5580000, 0x00000000d5e00000, 0x0000000100000000)
  eden space 512K, 100% used [0x00000000d5580000,0x00000000d5600000,0x00000000d5600000)
  from space 1024K, 98% used [0x00000000d5900000,0x00000000d59fb090,0x00000000d5a00000)
  to   space 3072K, 0% used [0x00000000d5600000,0x00000000d5600000,0x00000000d5900000)
 ParOldGen       total 1352704K, used 1352245K [0x0000000080000000, 0x00000000d2900000, 0x00000000d5580000)
  object space 1352704K, 99% used [0x0000000080000000,0x00000000d288d6e8,0x00000000d2900000)
 Metaspace       used 67893K, committed 69504K, reserved 1114112K
  class space    used 6301K, committed 7040K, reserved 1048576K
}
Event: 36675.933 GC heap after
{Heap after GC invocations=9176 (full 15):
 PSYoungGen      total 1024K, used 320K [0x00000000d5580000, 0x00000000d5980000, 0x0000000100000000)
  eden space 512K, 0% used [0x00000000d5580000,0x00000000d5580000,0x00000000d5600000)
  from space 512K, 62% used [0x00000000d5600000,0x00000000d5650000,0x00000000d5680000)
  to   space 1536K, 0% used [0x00000000d5800000,0x00000000d5800000,0x00000000d5980000)
 ParOldGen       total 1353728K, used 1353281K [0x0000000080000000, 0x00000000d2a00000, 0x00000000d5580000)
  object space 1353728K, 99% used [0x0000000080000000,0x00000000d2990778,0x00000000d2a00000)
 Metaspace       used 67893K, committed 69504K, reserved 1114112K
  class space    used 6301K, committed 7040K, reserved 1048576K
}
Event: 36675.935 GC heap before
{Heap before GC invocations=9177 (full 15):
 PSYoungGen      total 1024K, used 831K [0x00000000d5580000, 0x00000000d5980000, 0x0000000100000000)
  eden space 512K, 99% used [0x00000000d5580000,0x00000000d55fffd0,0x00000000d5600000)
  from space 512K, 62% used [0x00000000d5600000,0x00000000d5650000,0x00000000d5680000)
  to   space 1536K, 0% used [0x00000000d5800000,0x00000000d5800000,0x00000000d5980000)
 ParOldGen       total 1353728K, used 1353281K [0x0000000080000000, 0x00000000d2a00000, 0x00000000d5580000)
  object space 1353728K, 99% used [0x0000000080000000,0x00000000d2990778,0x00000000d2a00000)
 Metaspace       used 67893K, committed 69504K, reserved 1114112K
  class space    used 6301K, committed 7040K, reserved 1048576K
}
Event: 36675.939 GC heap after
{Heap after GC invocations=9177 (full 15):
 PSYoungGen      total 1536K, used 512K [0x00000000d5580000, 0x00000000d5880000, 0x0000000100000000)
  eden space 1024K, 0% used [0x00000000d5580000,0x00000000d5580000,0x00000000d5680000)
  from space 512K, 100% used [0x00000000d5800000,0x00000000d5880000,0x00000000d5880000)
  to   space 1024K, 0% used [0x00000000d5680000,0x00000000d5680000,0x00000000d5780000)
 ParOldGen       total 1353728K, used 1353505K [0x0000000080000000, 0x00000000d2a00000, 0x00000000d5580000)
  object space 1353728K, 99% used [0x0000000080000000,0x00000000d29c8778,0x00000000d2a00000)
 Metaspace       used 67893K, committed 69504K, reserved 1114112K
  class space    used 6301K, committed 7040K, reserved 1048576K
}
Event: 36675.943 GC heap before
{Heap before GC invocations=9178 (full 15):
 PSYoungGen      total 1536K, used 1536K [0x00000000d5580000, 0x00000000d5880000, 0x0000000100000000)
  eden space 1024K, 100% used [0x00000000d5580000,0x00000000d5680000,0x00000000d5680000)
  from space 512K, 100% used [0x00000000d5800000,0x00000000d5880000,0x00000000d5880000)
  to   space 1024K, 0% used [0x00000000d5680000,0x00000000d5680000,0x00000000d5780000)
 ParOldGen       total 1353728K, used 1353505K [0x0000000080000000, 0x00000000d2a00000, 0x00000000d5580000)
  object space 1353728K, 99% used [0x0000000080000000,0x00000000d29c8778,0x00000000d2a00000)
 Metaspace       used 67893K, committed 69504K, reserved 1114112K
  class space    used 6301K, committed 7040K, reserved 1048576K
}
Event: 36675.946 GC heap after
{Heap after GC invocations=9178 (full 15):
 PSYoungGen      total 2048K, used 1024K [0x00000000d5580000, 0x00000000d5b00000, 0x0000000100000000)
  eden space 1024K, 0% used [0x00000000d5580000,0x00000000d5580000,0x00000000d5680000)
  from space 1024K, 100% used [0x00000000d5680000,0x00000000d5780000,0x00000000d5780000)
  to   space 2048K, 0% used [0x00000000d5900000,0x00000000d5900000,0x00000000d5b00000)
 ParOldGen       total 1354240K, used 1353993K [0x0000000080000000, 0x00000000d2a80000, 0x00000000d5580000)
  object space 1354240K, 99% used [0x0000000080000000,0x00000000d2a42778,0x00000000d2a80000)
 Metaspace       used 67893K, committed 69504K, reserved 1114112K
  class space    used 6301K, committed 7040K, reserved 1048576K
}
Event: 36675.950 GC heap before
{Heap before GC invocations=9179 (full 15):
 PSYoungGen      total 2048K, used 2048K [0x00000000d5580000, 0x00000000d5b00000, 0x0000000100000000)
  eden space 1024K, 100% used [0x00000000d5580000,0x00000000d5680000,0x00000000d5680000)
  from space 1024K, 100% used [0x00000000d5680000,0x00000000d5780000,0x00000000d5780000)
  to   space 2048K, 0% used [0x00000000d5900000,0x00000000d5900000,0x00000000d5b00000)
 ParOldGen       total 1354240K, used 1353993K [0x0000000080000000, 0x00000000d2a80000, 0x00000000d5580000)
  object space 1354240K, 99% used [0x0000000080000000,0x00000000d2a42778,0x00000000d2a80000)
 Metaspace       used 67893K, committed 69504K, reserved 1114112K
  class space    used 6301K, committed 7040K, reserved 1048576K
}
Event: 36675.954 GC heap after
{Heap after GC invocations=9179 (full 15):
 PSYoungGen      total 2560K, used 544K [0x00000000d5580000, 0x00000000d5a00000, 0x0000000100000000)
  eden space 1536K, 0% used [0x00000000d5580000,0x00000000d5580000,0x00000000d5700000)
  from space 1024K, 53% used [0x00000000d5900000,0x00000000d5988000,0x00000000d5a00000)
  to   space 1024K, 0% used [0x00000000d5800000,0x00000000d5800000,0x00000000d5900000)
 ParOldGen       total 1355264K, used 1354985K [0x0000000080000000, 0x00000000d2b80000, 0x00000000d5580000)
  object space 1355264K, 99% used [0x0000000080000000,0x00000000d2b3a778,0x00000000d2b80000)
 Metaspace       used 67893K, committed 69504K, reserved 1114112K
  class space    used 6301K, committed 7040K, reserved 1048576K
}
Event: 36675.959 GC heap before
{Heap before GC invocations=9180 (full 15):
 PSYoungGen      total 2560K, used 2080K [0x00000000d5580000, 0x00000000d5a00000, 0x0000000100000000)
  eden space 1536K, 100% used [0x00000000d5580000,0x00000000d5700000,0x00000000d5700000)
  from space 1024K, 53% used [0x00000000d5900000,0x00000000d5988000,0x00000000d5a00000)
  to   space 1024K, 0% used [0x00000000d5800000,0x00000000d5800000,0x00000000d5900000)
 ParOldGen       total 1355264K, used 1354985K [0x0000000080000000, 0x00000000d2b80000, 0x00000000d5580000)
  object space 1355264K, 99% used [0x0000000080000000,0x00000000d2b3a778,0x00000000d2b80000)
 Metaspace       used 67893K, committed 69504K, reserved 1114112K
  class space    used 6301K, committed 7040K, reserved 1048576K
}
Event: 36675.963 GC heap after
{Heap after GC invocations=9180 (full 15):
 PSYoungGen      total 3072K, used 288K [0x00000000d5580000, 0x00000000d5980000, 0x0000000100000000)
  eden space 2048K, 0% used [0x00000000d5580000,0x00000000d5580000,0x00000000d5780000)
  from space 1024K, 28% used [0x00000000d5800000,0x00000000d5848000,0x00000000d5900000)
  to   space 512K, 0% used [0x00000000d5900000,0x00000000d5900000,0x00000000d5980000)
 ParOldGen       total 1355776K, used 1355393K [0x0000000080000000, 0x00000000d2c00000, 0x00000000d5580000)
  object space 1355776K, 99% used [0x0000000080000000,0x00000000d2ba0778,0x00000000d2c00000)
 Metaspace       used 67893K, committed 69504K, reserved 1114112K
  class space    used 6301K, committed 7040K, reserved 1048576K
}
Event: 36676.173 GC heap before
{Heap before GC invocations=9181 (full 15):
 PSYoungGen      total 3072K, used 2335K [0x00000000d5580000, 0x00000000d5980000, 0x0000000100000000)
  eden space 2048K, 99% used [0x00000000d5580000,0x00000000d577fff0,0x00000000d5780000)
  from space 1024K, 28% used [0x00000000d5800000,0x00000000d5848000,0x00000000d5900000)
  to   space 512K, 0% used [0x00000000d5900000,0x00000000d5900000,0x00000000d5980000)
 ParOldGen       total 1355776K, used 1355393K [0x0000000080000000, 0x00000000d2c00000, 0x00000000d5580000)
  object space 1355776K, 99% used [0x0000000080000000,0x00000000d2ba0778,0x00000000d2c00000)
 Metaspace       used 67893K, committed 69504K, reserved 1114112K
  class space    used 6301K, committed 7040K, reserved 1048576K
}
Event: 36676.177 GC heap after
{Heap after GC invocations=9181 (full 15):
 PSYoungGen      total 3072K, used 368K [0x00000000d5580000, 0x00000000d5980000, 0x0000000100000000)
  eden space 2560K, 0% used [0x00000000d5580000,0x00000000d5580000,0x00000000d5800000)
  from space 512K, 71% used [0x00000000d5900000,0x00000000d595c010,0x00000000d5980000)
  to   space 512K, 0% used [0x00000000d5880000,0x00000000d5880000,0x00000000d5900000)
 ParOldGen       total 1355776K, used 1355612K [0x0000000080000000, 0x00000000d2c00000, 0x00000000d5580000)
  object space 1355776K, 99% used [0x0000000080000000,0x00000000d2bd7178,0x00000000d2c00000)
 Metaspace       used 67893K, committed 69504K, reserved 1114112K
  class space    used 6301K, committed 7040K, reserved 1048576K
}
Event: 36676.191 GC heap before
{Heap before GC invocations=9182 (full 15):
 PSYoungGen      total 3072K, used 2928K [0x00000000d5580000, 0x00000000d5980000, 0x0000000100000000)
  eden space 2560K, 100% used [0x00000000d5580000,0x00000000d5800000,0x00000000d5800000)
  from space 512K, 71% used [0x00000000d5900000,0x00000000d595c010,0x00000000d5980000)
  to   space 512K, 0% used [0x00000000d5880000,0x00000000d5880000,0x00000000d5900000)
 ParOldGen       total 1355776K, used 1355612K [0x0000000080000000, 0x00000000d2c00000, 0x00000000d5580000)
  object space 1355776K, 99% used [0x0000000080000000,0x00000000d2bd7178,0x00000000d2c00000)
 Metaspace       used 67893K, committed 69504K, reserved 1114112K
  class space    used 6301K, committed 7040K, reserved 1048576K
}
Event: 36676.194 GC heap after
{Heap after GC invocations=9182 (full 15):
 PSYoungGen      total 3584K, used 512K [0x00000000d5580000, 0x00000000d5a80000, 0x0000000100000000)
  eden space 3072K, 0% used [0x00000000d5580000,0x00000000d5580000,0x00000000d5880000)
  from space 512K, 100% used [0x00000000d5880000,0x00000000d5900000,0x00000000d5900000)
  to   space 1024K, 0% used [0x00000000d5980000,0x00000000d5980000,0x00000000d5a80000)
 ParOldGen       total 1355776K, used 1355676K [0x0000000080000000, 0x00000000d2c00000, 0x00000000d5580000)
  object space 1355776K, 99% used [0x0000000080000000,0x00000000d2be7178,0x00000000d2c00000)
 Metaspace       used 67893K, committed 69504K, reserved 1114112K
  class space    used 6301K, committed 7040K, reserved 1048576K
}

